sample_metadata.tsv
--2023-05-02 12:33:40--  https://data.qiime2.org/2023.2/tutorials/longitudinal/sample_metadata.tsv
Resolving data.qiime2.org (data.qiime2.org)... 54.200.1.12
Connecting to data.qiime2.org (data.qiime2.org)|54.200.1.12|:443... connected.
HTTP request sent, awaiting response... 302 FOUND
Location: https://docs.google.com/spreadsheets/d/e/2PACX-1vT-GQAKqsQx-ZLwWt4DJ6_VIqHtAtVEj3LWmYzXRki8NE_ElVvsge3vz3qNq03i-vJPp6bybuDo6z42/pub?gid=1303657428&single=true&output=tsv [following]
--2023-05-02 12:33:42--  https://docs.google.com/spreadsheets/d/e/2PACX-1vT-GQAKqsQx-ZLwWt4DJ6_VIqHtAtVEj3LWmYzXRki8NE_ElVvsge3vz3qNq03i-vJPp6bybuDo6z42/pub?gid=1303657428&single=true&output=tsv
Resolving docs.google.com (docs.google.com)... 2404:6800:4005:80a::200e, 216.58.203.78
Connecting to docs.google.com (docs.google.com)|2404:6800:4005:80a::200e|:443... connected.
HTTP request sent, awaiting response... 307 Temporary Redirect
Location: https://doc-10-60-sheets.googleusercontent.com/pub/n4743ueaoiib6is67cgugk097k/027luht6olonhqtb7d3mdfdol8/1683005620000/105250506097979753968/*/e@2PACX-1vT-GQAKqsQx-ZLwWt4DJ6_VIqHtAtVEj3LWmYzXRki8NE_ElVvsge3vz3qNq03i-vJPp6bybuDo6z42?gid=1303657428&single=true&output=tsv [following]
Warning: wildcards not supported in HTTP.
--2023-05-02 12:33:43--  https://doc-10-60-sheets.googleusercontent.com/pub/n4743ueaoiib6is67cgugk097k/027luht6olonhqtb7d3mdfdol8/1683005620000/105250506097979753968/*/e@2PACX-1vT-GQAKqsQx-ZLwWt4DJ6_VIqHtAtVEj3LWmYzXRki8NE_ElVvsge3vz3qNq03i-vJPp6bybuDo6z42?gid=1303657428&single=true&output=tsv
Resolving doc-10-60-sheets.googleusercontent.com (doc-10-60-sheets.googleusercontent.com)... 2404:6800:4005:804::2001, 142.251.220.33
Connecting to doc-10-60-sheets.googleusercontent.com (doc-10-60-sheets.googleusercontent.com)|2404:6800:4005:804::2001|:443... connected.
HTTP request sent, awaiting response... 200 OK
Length: unspecified [text/tab-separated-values]
Saving to: ‘download/Sample_metadata/sample_metadata.tsv’

     0K .......... .......... .......... .......... ......      348K=0,1s

2023-05-02 12:33:44 (348 KB/s) - ‘download/Sample_metadata/sample_metadata.tsv’ saved [47209]

ecam_shannon.qza
--2023-05-02 12:33:44--  https://data.qiime2.org/2023.2/tutorials/longitudinal/ecam_shannon.qza
Resolving data.qiime2.org (data.qiime2.org)... 54.200.1.12
Connecting to data.qiime2.org (data.qiime2.org)|54.200.1.12|:443... connected.
HTTP request sent, awaiting response... 302 FOUND
Location: https://s3-us-west-2.amazonaws.com/qiime2-data/2023.2/tutorials/longitudinal/ecam_shannon.qza [following]
--2023-05-02 12:33:45--  https://s3-us-west-2.amazonaws.com/qiime2-data/2023.2/tutorials/longitudinal/ecam_shannon.qza
Resolving s3-us-west-2.amazonaws.com (s3-us-west-2.amazonaws.com)... 3.5.78.16, 52.92.240.120, 52.92.211.224, ...
Connecting to s3-us-west-2.amazonaws.com (s3-us-west-2.amazonaws.com)|3.5.78.16|:443... connected.
HTTP request sent, awaiting response... 200 OK
Length: 81160 (79K) [binary/octet-stream]
Saving to: ‘download/Importing_data/ecam_shannon.qza’

     0K .......... .......... .......... .......... .......... 63%  168K 0s
    50K .......... .......... .........                       100% 96,4K=0,6s

2023-05-02 12:33:47 (132 KB/s) - ‘download/Importing_data/ecam_shannon.qza’ saved [81160/81160]

unweighted_unifrac_distance_matrix.qza
--2023-05-02 12:33:47--  https://data.qiime2.org/2023.2/tutorials/longitudinal/unweighted_unifrac_distance_matrix.qza
Resolving data.qiime2.org (data.qiime2.org)... 54.200.1.12
Connecting to data.qiime2.org (data.qiime2.org)|54.200.1.12|:443... connected.
HTTP request sent, awaiting response... 302 FOUND
Location: https://s3-us-west-2.amazonaws.com/qiime2-data/2023.2/tutorials/longitudinal/unweighted_unifrac_distance_matrix.qza [following]
--2023-05-02 12:33:48--  https://s3-us-west-2.amazonaws.com/qiime2-data/2023.2/tutorials/longitudinal/unweighted_unifrac_distance_matrix.qza
Resolving s3-us-west-2.amazonaws.com (s3-us-west-2.amazonaws.com)... 52.92.165.96, 52.92.251.152, 3.5.78.16, ...
Connecting to s3-us-west-2.amazonaws.com (s3-us-west-2.amazonaws.com)|52.92.165.96|:443... connected.
HTTP request sent, awaiting response... 200 OK
Length: 6660878 (6,4M) [binary/octet-stream]
Saving to: ‘download/Importing_data/unweighted_unifrac_distance_matrix.qza’

     0K .......... .......... .......... .......... ..........  0% 87,0K 74s
    50K .......... .......... .......... .......... ..........  1%  165K 56s
   100K .......... .......... .......... .......... ..........  2% 4,22M 38s
   150K .......... .......... .......... .......... ..........  3% 5,35M 28s
   200K .......... .......... .......... .......... ..........  3%  171K 30s
   250K .......... .......... .......... .......... ..........  4% 4,16M 25s
   300K .......... .......... .......... .......... ..........  5% 4,95M 21s
   350K .......... .......... .......... .......... ..........  6%  172K 23s
   400K .......... .......... .......... .......... ..........  6% 82,0K 28s
   450K .......... .......... .......... .......... ..........  7%  160K 29s
   500K .......... .......... .......... .......... ..........  8% 97,0M 26s
   550K .......... .......... .......... .......... ..........  9%  128M 24s
   600K .......... .......... .......... .......... ..........  9%  131M 22s
   650K .......... .......... .......... .......... .......... 10% 83,1K 25s
   700K .......... .......... .......... .......... .......... 11% 76,3M 23s
   750K .......... .......... .......... .......... .......... 12% 5,86M 22s
   800K .......... .......... .......... .......... .......... 13%  164K 22s
   850K .......... .......... .......... .......... .......... 13% 12,1M 21s
   900K .......... .......... .......... .......... .......... 14%  165K 21s
   950K .......... .......... .......... .......... .......... 15% 6,84M 20s
  1000K .......... .......... .......... .......... .......... 16%  164K 21s
  1050K .......... .......... .......... .......... .......... 16%  157K 21s
  1100K .......... .......... .......... .......... .......... 17% 8,63M 20s
  1150K .......... .......... .......... .......... .......... 18%  175K 20s
  1200K .......... .......... .......... .......... .......... 19% 5,18M 19s
  1250K .......... .......... .......... .......... .......... 19%  168K 20s
  1300K .......... .......... .......... .......... .......... 20% 5,49M 19s
  1350K .......... .......... .......... .......... .......... 21%  167K 19s
  1400K .......... .......... .......... .......... .......... 22%  163K 19s
  1450K .......... .......... .......... .......... .......... 23% 4,51M 18s
  1500K .......... .......... .......... .......... .......... 23%  165K 19s
  1550K .......... .......... .......... .......... .......... 24% 7,59M 18s
  1600K .......... .......... .......... .......... .......... 25%  171K 18s
  1650K .......... .......... .......... .......... .......... 26% 4,86M 17s
  1700K .......... .......... .......... .......... .......... 26%  168K 17s
  1750K .......... .......... .......... .......... .......... 27% 9,94M 17s
  1800K .......... .......... .......... .......... .......... 28%  166K 17s
  1850K .......... .......... .......... .......... .......... 29%  162K 17s
  1900K .......... .......... .......... .......... .......... 29%  157M 16s
  1950K .......... .......... .......... .......... .......... 30%  165K 17s
  2000K .......... .......... .......... .......... .......... 31% 7,47M 16s
  2050K .......... .......... .......... .......... .......... 32%  163K 16s
  2100K .......... .......... .......... .......... .......... 33%  165K 16s
  2150K .......... .......... .......... .......... .......... 33% 6,47M 16s
  2200K .......... .......... .......... .......... .......... 34%  164K 16s
  2250K .......... .......... .......... .......... .......... 35%  165K 16s
  2300K .......... .......... .......... .......... .......... 36% 7,82M 15s
  2350K .......... .......... .......... .......... .......... 36%  166K 15s
  2400K .......... .......... .......... .......... .......... 37% 4,36M 15s
  2450K .......... .......... .......... .......... .......... 38%  166K 15s
  2500K .......... .......... .......... .......... .......... 39% 5,31M 14s
  2550K .......... .......... .......... .......... .......... 39%  216K 14s
  2600K .......... .......... .......... .......... .......... 40% 6,43M 14s
  2650K .......... .......... .......... .......... .......... 41%  193K 14s
  2700K .......... .......... .......... .......... .......... 42% 4,19M 13s
  2750K .......... .......... .......... .......... .......... 43%  169K 13s
  2800K .......... .......... .......... .......... .......... 43%  167K 13s
  2850K .......... .......... .......... .......... .......... 44% 4,09M 13s
  2900K .......... .......... .......... .......... .......... 45%  165K 13s
  2950K .......... .......... .......... .......... .......... 46% 7,71M 12s
  3000K .......... .......... .......... .......... .......... 46% 82,6K 13s
  3050K .......... .......... .......... .......... .......... 47%  115M 12s
  3100K .......... .......... .......... .......... .......... 48% 11,6M 12s
  3150K .......... .......... .......... .......... .......... 49%  160K 12s
  3200K .......... .......... .......... .......... .......... 49%  168K 12s
  3250K .......... .......... .......... .......... .......... 50% 9,72M 12s
  3300K .......... .......... .......... .......... .......... 51%  157K 11s
  3350K .......... .......... .......... .......... .......... 52%  175K 11s
  3400K .......... .......... .......... .......... .......... 53% 7,88M 11s
  3450K .......... .......... .......... .......... .......... 53%  161K 11s
  3500K .......... .......... .......... .......... .......... 54% 8,27M 11s
  3550K .......... .......... .......... .......... .......... 55%  167K 11s
  3600K .......... .......... .......... .......... .......... 56% 8,89M 10s
  3650K .......... .......... .......... .......... .......... 56%  160K 10s
  3700K .......... .......... .......... .......... .......... 57% 4,11M 10s
  3750K .......... .......... .......... .......... .......... 58%  174K 10s
  3800K .......... .......... .......... .......... .......... 59% 4,86M 9s
  3850K .......... .......... .......... .......... .......... 59%  169K 9s
  3900K .......... .......... .......... .......... .......... 60%  165K 9s
  3950K .......... .......... .......... .......... .......... 61% 7,24M 9s
  4000K .......... .......... .......... .......... .......... 62%  165K 9s
  4050K .......... .......... .......... .......... .......... 63% 6,89M 9s
  4100K .......... .......... .......... .......... .......... 63%  167K 8s
  4150K .......... .......... .......... .......... .......... 64% 5,24M 8s
  4200K .......... .......... .......... .......... .......... 65%  167K 8s
  4250K .......... .......... .......... .......... .......... 66% 5,82M 8s
  4300K .......... .......... .......... .......... .......... 66%  168K 8s
  4350K .......... .......... .......... .......... .......... 67% 4,95M 7s
  4400K .......... .......... .......... .......... .......... 68%  161K 7s
  4450K .......... .......... .......... .......... .......... 69% 5,02M 7s
  4500K .......... .......... .......... .......... .......... 69% 95,4K 7s
  4550K .......... .......... .......... .......... .......... 70%  113M 7s
  4600K .......... .......... .......... .......... .......... 71%  188K 7s
  4650K .......... .......... .......... .......... .......... 72% 3,80M 6s
  4700K .......... .......... .......... .......... .......... 73%  162K 6s
  4750K .......... .......... .......... .......... .......... 73%  164K 6s
  4800K .......... .......... .......... .......... .......... 74% 6,53M 6s
  4850K .......... .......... .......... .......... .......... 75%  161K 6s
  4900K .......... .......... .......... .......... .......... 76%  172K 6s
  4950K .......... .......... .......... .......... .......... 76% 11,2M 5s
  5000K .......... .......... .......... .......... .......... 77%  166K 5s
  5050K .......... .......... .......... .......... .......... 78% 8,37M 5s
  5100K .......... .......... .......... .......... .......... 79%  164K 5s
  5150K .......... .......... .......... .......... .......... 79% 7,79M 5s
  5200K .......... .......... .......... .......... .......... 80%  168K 4s
  5250K .......... .......... .......... .......... .......... 81% 6,79M 4s
  5300K .......... .......... .......... .......... .......... 82%  164K 4s
  5350K .......... .......... .......... .......... .......... 83%  160K 4s
  5400K .......... .......... .......... .......... .......... 83%  142M 4s
  5450K .......... .......... .......... .......... .......... 84%  169K 4s
  5500K .......... .......... .......... .......... .......... 85% 4,03M 3s
  5550K .......... .......... .......... .......... .......... 86%  167K 3s
  5600K .......... .......... .......... .......... .......... 86%  164K 3s
  5650K .......... .......... .......... .......... .......... 87% 6,55M 3s
  5700K .......... .......... .......... .......... .......... 88%  161K 3s
  5750K .......... .......... .......... .......... .......... 89%  164K 3s
  5800K .......... .......... .......... .......... .......... 89% 13,2M 2s
  5850K .......... .......... .......... .......... .......... 90%  169K 2s
  5900K .......... .......... .......... .......... .......... 91% 3,92M 2s
  5950K .......... .......... .......... .......... .......... 92%  195K 2s
  6000K .......... .......... .......... .......... .......... 93% 6,00M 2s
  6050K .......... .......... .......... .......... .......... 93%  194K 1s
  6100K .......... .......... .......... .......... .......... 94% 7,36M 1s
  6150K .......... .......... .......... .......... .......... 95%  179K 1s
  6200K .......... .......... .......... .......... .......... 96% 4,90M 1s
  6250K .......... .......... .......... .......... .......... 96%  168K 1s
  6300K .......... .......... .......... .......... .......... 97%  167K 1s
  6350K .......... .......... .......... .......... .......... 98% 4,51M 0s
  6400K .......... .......... .......... .......... .......... 99%  167K 0s
  6450K .......... .......... .......... .......... .......... 99% 8,73M 0s
  6500K ....                                                  100% 42,7M=23s

2023-05-02 12:34:12 (283 KB/s) - ‘download/Importing_data/unweighted_unifrac_distance_matrix.qza’ saved [6660878/6660878]

