sample_metadata.tsv
--2023-05-17 17:43:41--  https://data.qiime2.org/2023.2/tutorials/fmt/sample_metadata.tsv
Resolving data.qiime2.org (data.qiime2.org)... 54.200.1.12
Connecting to data.qiime2.org (data.qiime2.org)|54.200.1.12|:443... connected.
HTTP request sent, awaiting response... 302 FOUND
Location: https://docs.google.com/spreadsheets/d/e/2PACX-1vSuwSudEIC-gUBR7pVakJSc7461a1fjRP543jitwNczNTEJoHALr-i25FyWb8aHu9lizRsbnBZlPMPN/pub?gid=0&single=true&output=tsv [following]
--2023-05-17 17:43:43--  https://docs.google.com/spreadsheets/d/e/2PACX-1vSuwSudEIC-gUBR7pVakJSc7461a1fjRP543jitwNczNTEJoHALr-i25FyWb8aHu9lizRsbnBZlPMPN/pub?gid=0&single=true&output=tsv
Resolving docs.google.com (docs.google.com)... 142.251.12.100, 142.251.12.138, 142.251.12.102, ...
Connecting to docs.google.com (docs.google.com)|142.251.12.100|:443... connected.
HTTP request sent, awaiting response... 307 Temporary Redirect
Location: https://doc-0s-60-sheets.googleusercontent.com/pub/n4743ueaoiib6is67cgugk097k/7nm0c2g38pbh5ki2iikpdadlf4/1684320220000/105250506097979753968/*/e@2PACX-1vSuwSudEIC-gUBR7pVakJSc7461a1fjRP543jitwNczNTEJoHALr-i25FyWb8aHu9lizRsbnBZlPMPN?gid=0&single=true&output=tsv [following]
Warning: wildcards not supported in HTTP.
--2023-05-17 17:43:44--  https://doc-0s-60-sheets.googleusercontent.com/pub/n4743ueaoiib6is67cgugk097k/7nm0c2g38pbh5ki2iikpdadlf4/1684320220000/105250506097979753968/*/e@2PACX-1vSuwSudEIC-gUBR7pVakJSc7461a1fjRP543jitwNczNTEJoHALr-i25FyWb8aHu9lizRsbnBZlPMPN?gid=0&single=true&output=tsv
Resolving doc-0s-60-sheets.googleusercontent.com (doc-0s-60-sheets.googleusercontent.com)... 74.125.200.132, 2404:6800:4003:c0f::84
Connecting to doc-0s-60-sheets.googleusercontent.com (doc-0s-60-sheets.googleusercontent.com)|74.125.200.132|:443... connected.
HTTP request sent, awaiting response... 200 OK
Length: unspecified [text/tab-separated-values]
Saving to: ‘/home/truongphi/Desktop/meta/QIIME/FMT/work/7c/092442a0229571d0ae3060f651a62e/Sample_metadata/sample_metadata.tsv’

     0K .......... .                                           2,19M=0,005s

2023-05-17 17:43:44 (2,19 MB/s) - ‘/home/truongphi/Desktop/meta/QIIME/FMT/work/7c/092442a0229571d0ae3060f651a62e/Sample_metadata/sample_metadata.tsv’ saved [11526]

fmt-tutorial-demux-1-10p.qza
--2023-05-17 17:43:44--  https://data.qiime2.org/2023.2/tutorials/fmt/fmt-tutorial-demux-1-10p.qza
Resolving data.qiime2.org (data.qiime2.org)... 54.200.1.12
Connecting to data.qiime2.org (data.qiime2.org)|54.200.1.12|:443... connected.
HTTP request sent, awaiting response... 302 FOUND
Location: https://s3-us-west-2.amazonaws.com/qiime2-data/2023.2/tutorials/fmt/fmt-tutorial-demux-1-10p.qza [following]
--2023-05-17 17:43:46--  https://s3-us-west-2.amazonaws.com/qiime2-data/2023.2/tutorials/fmt/fmt-tutorial-demux-1-10p.qza
Resolving s3-us-west-2.amazonaws.com (s3-us-west-2.amazonaws.com)... 52.218.144.20, 52.92.136.240, 52.92.132.208, ...
Connecting to s3-us-west-2.amazonaws.com (s3-us-west-2.amazonaws.com)|52.218.144.20|:443... connected.
HTTP request sent, awaiting response... 200 OK
Length: 20536136 (20M) [binary/octet-stream]
Saving to: ‘/home/truongphi/Desktop/meta/QIIME/FMT/work/7c/092442a0229571d0ae3060f651a62e/Importing_data/fmt-tutorial-demux-1-10p.qza’

     0K .......... .......... .......... .......... ..........  0%  245K 82s
    50K .......... .......... .......... .......... ..........  0% 81,3K 2m43s
   100K .......... .......... .......... .......... ..........  0%  245K 2m16s
   150K .......... .......... .......... .......... ..........  0%  237K 2m3s
   200K .......... .......... .......... .......... ..........  1%  124K 2m10s
   250K .......... .......... .......... .......... ..........  1%  240K 2m2s
   300K .......... .......... .......... .......... ..........  1% 81,6K 2m18s
   350K .......... .......... .......... .......... ..........  1% 99,8M 2m1s
   400K .......... .......... .......... .......... ..........  2%  122K 2m5s
   450K .......... .......... .......... .......... ..........  2%  247K 2m0s
   500K .......... .......... .......... .......... ..........  2%  244K 1m56s
   550K .......... .......... .......... .......... ..........  2%  243K 1m53s
   600K .......... .......... .......... .......... ..........  3%  122K 1m56s
   650K .......... .......... .......... .......... ..........  3%  243K 1m53s
   700K .......... .......... .......... .......... ..........  3%  245K 1m51s
   750K .......... .......... .......... .......... ..........  3%  245K 1m48s
   800K .......... .......... .......... .......... ..........  4%  243K 1m46s
   850K .......... .......... .......... .......... ..........  4%  122K 1m49s
   900K .......... .......... .......... .......... ..........  4%  245K 1m47s
   950K .......... .......... .......... .......... ..........  4%  244K 1m45s
  1000K .......... .......... .......... .......... ..........  5%  242K 1m44s
  1050K .......... .......... .......... .......... ..........  5%  246K 1m42s
  1100K .......... .......... .......... .......... ..........  5%  122K 1m44s
  1150K .......... .......... .......... .......... ..........  5%  242K 1m43s
  1200K .......... .......... .......... .......... ..........  6%  245K 1m42s
  1250K .......... .......... .......... .......... ..........  6%  246K 1m40s
  1300K .......... .......... .......... .......... ..........  6%  244K 99s
  1350K .......... .......... .......... .......... ..........  6%  122K 1m41s
  1400K .......... .......... .......... .......... ..........  7%  244K 1m40s
  1450K .......... .......... .......... .......... ..........  7%  122K 1m41s
  1500K .......... .......... .......... .......... ..........  7%  114M 98s
  1550K .......... .......... .......... .......... ..........  7%  122K 99s
  1600K .......... .......... .......... .......... ..........  8%  243K 98s
  1650K .......... .......... .......... .......... ..........  8%  244K 97s
  1700K .......... .......... .......... .......... ..........  8%  243K 96s
  1750K .......... .......... .......... .......... ..........  8%  246K 96s
  1800K .......... .......... .......... .......... ..........  9%  244K 95s
  1850K .......... .......... .......... .......... ..........  9%  122K 96s
  1900K .......... .......... .......... .......... ..........  9%  244K 95s
  1950K .......... .......... .......... .......... ..........  9%  242K 94s
  2000K .......... .......... .......... .......... .......... 10%  123K 95s
  2050K .......... .......... .......... .......... .......... 10%  243K 95s
  2100K .......... .......... .......... .......... .......... 10%  267K 94s
  2150K .......... .......... .......... .......... .......... 10%  117K 95s
  2200K .......... .......... .......... .......... .......... 11%  241K 94s
  2250K .......... .......... .......... .......... .......... 11%  123K 95s
  2300K .......... .......... .......... .......... .......... 11%  244K 94s
  2350K .......... .......... .......... .......... .......... 11%  264K 93s
  2400K .......... .......... .......... .......... .......... 12%  264K 93s
  2450K .......... .......... .......... .......... .......... 12%  270K 92s
  2500K .......... .......... .......... .......... .......... 12%  220K 91s
  2550K .......... .......... .......... .......... .......... 12%  114K 92s
  2600K .......... .......... .......... .......... .......... 13%  267K 91s
  2650K .......... .......... .......... .......... .......... 13%  225K 91s
  2700K .......... .......... .......... .......... .......... 13%  244K 90s
  2750K .......... .......... .......... .......... .......... 13%  243K 90s
  2800K .......... .......... .......... .......... .......... 14%  128K 90s
  2850K .......... .......... .......... .......... .......... 14%  268K 89s
  2900K .......... .......... .......... .......... .......... 14%  268K 89s
  2950K .......... .......... .......... .......... .......... 14%  108K 90s
  3000K .......... .......... .......... .......... .......... 15%  268K 89s
  3050K .......... .......... .......... .......... .......... 15%  224K 89s
  3100K .......... .......... .......... .......... .......... 15%  244K 88s
  3150K .......... .......... .......... .......... .......... 15%  128K 88s
  3200K .......... .......... .......... .......... .......... 16%  268K 88s
  3250K .......... .......... .......... .......... .......... 16%  206K 87s
  3300K .......... .......... .......... .......... .......... 16%  268K 87s
  3350K .......... .......... .......... .......... .......... 16%  225K 86s
  3400K .......... .......... .......... .......... .......... 17%  122K 87s
  3450K .......... .......... .......... .......... .......... 17%  262K 86s
  3500K .......... .......... .......... .......... .......... 17%  118K 87s
  3550K .......... .......... .......... .......... .......... 17%  242K 86s
  3600K .......... .......... .......... .......... .......... 18%  245K 86s
  3650K .......... .......... .......... .......... .......... 18%  122K 86s
  3700K .......... .......... .......... .......... .......... 18%  246K 86s
  3750K .......... .......... .......... .......... .......... 18%  243K 85s
  3800K .......... .......... .......... .......... .......... 19%  243K 85s
  3850K .......... .......... .......... .......... .......... 19%  246K 84s
  3900K .......... .......... .......... .......... .......... 19%  122K 84s
  3950K .......... .......... .......... .......... .......... 19%  245K 84s
  4000K .......... .......... .......... .......... .......... 20%  122K 84s
  4050K .......... .......... .......... .......... .......... 20%  151M 83s
  4100K .......... .......... .......... .......... .......... 20%  122K 83s
  4150K .......... .......... .......... .......... .......... 20%  244K 83s
  4200K .......... .......... .......... .......... .......... 21%  243K 82s
  4250K .......... .......... .......... .......... .......... 21%  245K 82s
  4300K .......... .......... .......... .......... .......... 21%  244K 81s
  4350K .......... .......... .......... .......... .......... 21%  122K 82s
  4400K .......... .......... .......... .......... .......... 22%  244K 81s
  4450K .......... .......... .......... .......... .......... 22%  122K 81s
  4500K .......... .......... .......... .......... .......... 22%  124M 80s
  4550K .......... .......... .......... .......... .......... 22%  122K 81s
  4600K .......... .......... .......... .......... .......... 23%  245K 80s
  4650K .......... .......... .......... .......... .......... 23%  244K 80s
  4700K .......... .......... .......... .......... .......... 23%  243K 79s
  4750K .......... .......... .......... .......... .......... 23%  244K 79s
  4800K .......... .......... .......... .......... .......... 24% 81,4K 80s
  4850K .......... .......... .......... .......... .......... 24% 95,9M 79s
  4900K .......... .......... .......... .......... .......... 24%  267K 78s
  4950K .......... .......... .......... .......... .......... 24%  117K 78s
  5000K .......... .......... .......... .......... .......... 25%  245K 78s
  5050K .......... .......... .......... .......... .......... 25%  236K 78s
  5100K .......... .......... .......... .......... .......... 25%  251K 77s
  5150K .......... .......... .......... .......... .......... 25%  122K 77s
  5200K .......... .......... .......... .......... .......... 26%  244K 77s
  5250K .......... .......... .......... .......... .......... 26%  241K 76s
  5300K .......... .......... .......... .......... .......... 26%  122K 77s
  5350K .......... .......... .......... .......... .......... 26%  245K 76s
  5400K .......... .......... .......... .......... .......... 27%  243K 76s
  5450K .......... .......... .......... .......... .......... 27%  122K 76s
  5500K .......... .......... .......... .......... .......... 27%  244K 75s
  5550K .......... .......... .......... .......... .......... 27%  244K 75s
  5600K .......... .......... .......... .......... .......... 28%  244K 75s
  5650K .......... .......... .......... .......... .......... 28%  245K 74s
  5700K .......... .......... .......... .......... .......... 28%  243K 74s
  5750K .......... .......... .......... .......... .......... 28% 81,4K 75s
  5800K .......... .......... .......... .......... .......... 29%  101M 74s
  5850K .......... .......... .......... .......... .......... 29%  245K 73s
  5900K .......... .......... .......... .......... .......... 29%  244K 73s
  5950K .......... .......... .......... .......... .......... 29%  122K 73s
  6000K .......... .......... .......... .......... .......... 30%  244K 73s
  6050K .......... .......... .......... .......... .......... 30%  244K 72s
  6100K .......... .......... .......... .......... .......... 30%  243K 72s
  6150K .......... .......... .......... .......... .......... 30%  122K 72s
  6200K .......... .......... .......... .......... .......... 31%  269K 71s
  6250K .......... .......... .......... .......... .......... 31%  223K 71s
  6300K .......... .......... .......... .......... .......... 31%  239K 71s
  6350K .......... .......... .......... .......... .......... 31%  123K 71s
  6400K .......... .......... .......... .......... .......... 32%  244K 70s
  6450K .......... .......... .......... .......... .......... 32%  248K 70s
  6500K .......... .......... .......... .......... .......... 32%  122K 70s
  6550K .......... .......... .......... .......... .......... 32%  123M 69s
  6600K .......... .......... .......... .......... .......... 33%  122K 69s
  6650K .......... .......... .......... .......... .......... 33%  247K 69s
  6700K .......... .......... .......... .......... .......... 33%  243K 69s
  6750K .......... .......... .......... .......... .......... 33%  122K 69s
  6800K .......... .......... .......... .......... .......... 34%  244K 68s
  6850K .......... .......... .......... .......... .......... 34%  245K 68s
  6900K .......... .......... .......... .......... .......... 34%  122K 68s
  6950K .......... .......... .......... .......... .......... 34%  244K 68s
  7000K .......... .......... .......... .......... .......... 35% 81,2K 68s
  7050K .......... .......... .......... .......... .......... 35%  123K 68s
  7100K .......... .......... .......... .......... .......... 35%  268K 68s
  7150K .......... .......... .......... .......... .......... 35%  117K 68s
  7200K .......... .......... .......... .......... .......... 36%  243K 67s
  7250K .......... .......... .......... .......... .......... 36%  245K 67s
  7300K .......... .......... .......... .......... .......... 36%  122K 67s
  7350K .......... .......... .......... .......... .......... 36%  244K 67s
  7400K .......... .......... .......... .......... .......... 37%  242K 66s
  7450K .......... .......... .......... .......... .......... 37%  122K 66s
  7500K .......... .......... .......... .......... .......... 37%  244K 66s
  7550K .......... .......... .......... .......... .......... 37%  244K 65s
  7600K .......... .......... .......... .......... .......... 38%  243K 65s
  7650K .......... .......... .......... .......... .......... 38%  244K 65s
  7700K .......... .......... .......... .......... .......... 38%  122K 65s
  7750K .......... .......... .......... .......... .......... 38%  244K 64s
  7800K .......... .......... .......... .......... .......... 39%  246K 64s
  7850K .......... .......... .......... .......... .......... 39%  122K 64s
  7900K .......... .......... .......... .......... .......... 39%  242K 64s
  7950K .......... .......... .......... .......... .......... 39%  267K 63s
  8000K .......... .......... .......... .......... .......... 40%  226K 63s
  8050K .......... .......... .......... .......... .......... 40%  246K 63s
  8100K .......... .......... .......... .......... .......... 40%  122K 63s
  8150K .......... .......... .......... .......... .......... 40%  268K 62s
  8200K .......... .......... .......... .......... .......... 41%  267K 62s
  8250K .......... .......... .......... .......... .......... 41%  112K 62s
  8300K .......... .......... .......... .......... .......... 41%  244K 61s
  8350K .......... .......... .......... .......... .......... 41%  246K 61s
  8400K .......... .......... .......... .......... .......... 42%  242K 61s
  8450K .......... .......... .......... .......... .......... 42%  121K 61s
  8500K .......... .......... .......... .......... .......... 42% 94,0M 60s
  8550K .......... .......... .......... .......... .......... 42%  122K 60s
  8600K .......... .......... .......... .......... .......... 43%  268K 60s
  8650K .......... .......... .......... .......... .......... 43%  117K 60s
  8700K .......... .......... .......... .......... .......... 43%  248K 59s
  8750K .......... .......... .......... .......... .......... 43%  241K 59s
  8800K .......... .......... .......... .......... .......... 44%  122K 59s
  8850K .......... .......... .......... .......... .......... 44%  248K 59s
  8900K .......... .......... .......... .......... .......... 44%  245K 58s
  8950K .......... .......... .......... .......... .......... 44%  121K 58s
  9000K .......... .......... .......... .......... .......... 45%  246K 58s
  9050K .......... .......... .......... .......... .......... 45%  244K 57s
  9100K .......... .......... .......... .......... .......... 45%  245K 57s
  9150K .......... .......... .......... .......... .......... 45%  122K 57s
  9200K .......... .......... .......... .......... .......... 46%  241K 57s
  9250K .......... .......... .......... .......... .......... 46% 89,8M 56s
  9300K .......... .......... .......... .......... .......... 46%  123K 56s
  9350K .......... .......... .......... .......... .......... 46%  122K 56s
  9400K .......... .......... .......... .......... .......... 47% 87,5M 55s
  9450K .......... .......... .......... .......... .......... 47%  122K 55s
  9500K .......... .......... .......... .......... .......... 47%  244K 55s
  9550K .......... .......... .......... .......... .......... 47%  245K 55s
  9600K .......... .......... .......... .......... .......... 48%  241K 54s
  9650K .......... .......... .......... .......... .......... 48%  122K 54s
  9700K .......... .......... .......... .......... .......... 48%  243K 54s
  9750K .......... .......... .......... .......... .......... 48%  246K 54s
  9800K .......... .......... .......... .......... .......... 49%  122K 53s
  9850K .......... .......... .......... .......... .......... 49% 94,0M 53s
  9900K .......... .......... .......... .......... .......... 49%  123K 53s
  9950K .......... .......... .......... .......... .......... 49%  241K 53s
 10000K .......... .......... .......... .......... .......... 50%  245K 52s
 10050K .......... .......... .......... .......... .......... 50%  122K 52s
 10100K .......... .......... .......... .......... .......... 50% 91,4M 52s
 10150K .......... .......... .......... .......... .......... 50%  246K 51s
 10200K .......... .......... .......... .......... .......... 51%  122K 51s
 10250K .......... .......... .......... .......... .......... 51%  247K 51s
 10300K .......... .......... .......... .......... .......... 51%  122K 51s
 10350K .......... .......... .......... .......... .......... 51%  244K 50s
 10400K .......... .......... .......... .......... .......... 52%  242K 50s
 10450K .......... .......... .......... .......... .......... 52%  123K 50s
 10500K .......... .......... .......... .......... .......... 52%  243K 50s
 10550K .......... .......... .......... .......... .......... 52%  244K 49s
 10600K .......... .......... .......... .......... .......... 53%  122K 49s
 10650K .......... .......... .......... .......... .......... 53%  244K 49s
 10700K .......... .......... .......... .......... .......... 53%  245K 49s
 10750K .......... .......... .......... .......... .......... 53%  122K 48s
 10800K .......... .......... .......... .......... .......... 54%  245K 48s
 10850K .......... .......... .......... .......... .......... 54%  244K 48s
 10900K .......... .......... .......... .......... .......... 54%  243K 48s
 10950K .......... .......... .......... .......... .......... 54%  245K 47s
 11000K .......... .......... .......... .......... .......... 55%  242K 47s
 11050K .......... .......... .......... .......... .......... 55%  122K 47s
 11100K .......... .......... .......... .......... .......... 55%  243K 46s
 11150K .......... .......... .......... .......... .......... 55%  268K 46s
 11200K .......... .......... .......... .......... .......... 56%  117K 46s
 11250K .......... .......... .......... .......... .......... 56%  245K 46s
 11300K .......... .......... .......... .......... .......... 56%  244K 45s
 11350K .......... .......... .......... .......... .......... 56%  242K 45s
 11400K .......... .......... .......... .......... .......... 57%  246K 45s
 11450K .......... .......... .......... .......... .......... 57%  243K 44s
 11500K .......... .......... .......... .......... .......... 57%  122K 44s
 11550K .......... .......... .......... .......... .......... 57%  266K 44s
 11600K .......... .......... .......... .......... .......... 58%  223K 44s
 11650K .......... .......... .......... .......... .......... 58%  123K 44s
 11700K .......... .......... .......... .......... .......... 58%  244K 43s
 11750K .......... .......... .......... .......... .......... 58%  243K 43s
 11800K .......... .......... .......... .......... .......... 59%  246K 43s
 11850K .......... .......... .......... .......... .......... 59%  122K 43s
 11900K .......... .......... .......... .......... .......... 59% 92,1M 42s
 11950K .......... .......... .......... .......... .......... 59%  122K 42s
 12000K .......... .......... .......... .......... .......... 60%  244K 42s
 12050K .......... .......... .......... .......... .......... 60%  123K 41s
 12100K .......... .......... .......... .......... .......... 60%  243K 41s
 12150K .......... .......... .......... .......... .......... 60%  243K 41s
 12200K .......... .......... .......... .......... .......... 61%  122K 41s
 12250K .......... .......... .......... .......... .......... 61%  247K 40s
 12300K .......... .......... .......... .......... .......... 61%  243K 40s
 12350K .......... .......... .......... .......... .......... 61%  122K 40s
 12400K .......... .......... .......... .......... .......... 62%  242K 40s
 12450K .......... .......... .......... .......... .......... 62%  162K 39s
 12500K .......... .......... .......... .......... .......... 62%  243K 39s
 12550K .......... .......... .......... .......... .......... 62%  129K 39s
 12600K .......... .......... .......... .......... .......... 63%  223K 39s
 12650K .......... .......... .......... .......... .......... 63%  245K 38s
 12700K .......... .......... .......... .......... .......... 63%  243K 38s
 12750K .......... .......... .......... .......... .......... 63%  122K 38s
 12800K .......... .......... .......... .......... .......... 64% 99,0M 38s
 12850K .......... .......... .......... .......... .......... 64%  122K 37s
 12900K .......... .......... .......... .......... .......... 64%  247K 37s
 12950K .......... .......... .......... .......... .......... 64%  244K 37s
 13000K .......... .......... .......... .......... .......... 65%  122K 37s
 13050K .......... .......... .......... .......... .......... 65%  245K 36s
 13100K .......... .......... .......... .......... .......... 65%  122K 36s
 13150K .......... .......... .......... .......... .......... 65% 96,2M 36s
 13200K .......... .......... .......... .......... .......... 66%  122K 36s
 13250K .......... .......... .......... .......... .......... 66%  244K 35s
 13300K .......... .......... .......... .......... .......... 66%  243K 35s
 13350K .......... .......... .......... .......... .......... 66%  123K 35s
 13400K .......... .......... .......... .......... .......... 67%  245K 34s
 13450K .......... .......... .......... .......... .......... 67%  245K 34s
 13500K .......... .......... .......... .......... .......... 67%  243K 34s
 13550K .......... .......... .......... .......... .......... 67%  244K 34s
 13600K .......... .......... .......... .......... .......... 68%  122K 33s
 13650K .......... .......... .......... .......... .......... 68%  122M 33s
 13700K .......... .......... .......... .......... .......... 68%  122K 33s
 13750K .......... .......... .......... .......... .......... 68%  242K 33s
 13800K .......... .......... .......... .......... .......... 69%  239K 32s
 13850K .......... .......... .......... .......... .......... 69%  250K 32s
 13900K .......... .......... .......... .......... .......... 69%  122K 32s
 13950K .......... .......... .......... .......... .......... 69%  127K 32s
 14000K .......... .......... .......... .......... .......... 70% 23,2M 31s
 14050K .......... .......... .......... .......... .......... 70%  118K 31s
 14100K .......... .......... .......... .......... .......... 70%  242K 31s
 14150K .......... .......... .......... .......... .......... 70%  214K 30s
 14200K .......... .......... .......... .......... .......... 71%  132K 30s
 14250K .......... .......... .......... .......... .......... 71%  244K 30s
 14300K .......... .......... .......... .......... .......... 71%  245K 30s
 14350K .......... .......... .......... .......... .......... 71%  242K 29s
 14400K .......... .......... .......... .......... .......... 72%  122K 29s
 14450K .......... .......... .......... .......... .......... 72% 81,5K 29s
 14500K .......... .......... .......... .......... .......... 72%  122K 29s
 14550K .......... .......... .......... .......... .......... 72%  122K 29s
 14600K .......... .......... .......... .......... .......... 73%  244K 28s
 14650K .......... .......... .......... .......... .......... 73%  122K 28s
 14700K .......... .......... .......... .......... .......... 73%  243K 28s
 14750K .......... .......... .......... .......... .......... 73%  246K 28s
 14800K .......... .......... .......... .......... .......... 74%  122K 27s
 14850K .......... .......... .......... .......... .......... 74%  243K 27s
 14900K .......... .......... .......... .......... .......... 74%  245K 27s
 14950K .......... .......... .......... .......... .......... 74%  243K 27s
 15000K .......... .......... .......... .......... .......... 75%  123K 26s
 15050K .......... .......... .......... .......... .......... 75%  241K 26s
 15100K .......... .......... .......... .......... .......... 75%  247K 26s
 15150K .......... .......... .......... .......... .......... 75%  122K 26s
 15200K .......... .......... .......... .......... .......... 76%  115M 25s
 15250K .......... .......... .......... .......... .......... 76%  122K 25s
 15300K .......... .......... .......... .......... .......... 76%  245K 25s
 15350K .......... .......... .......... .......... .......... 76%  244K 24s
 15400K .......... .......... .......... .......... .......... 77%  245K 24s
 15450K .......... .......... .......... .......... .......... 77%  122K 24s
 15500K .......... .......... .......... .......... .......... 77%  122K 24s
 15550K .......... .......... .......... .......... .......... 77% 90,2M 23s
 15600K .......... .......... .......... .......... .......... 78%  123K 23s
 15650K .......... .......... .......... .......... .......... 78%  242K 23s
 15700K .......... .......... .......... .......... .......... 78%  247K 23s
 15750K .......... .......... .......... .......... .......... 78%  242K 22s
 15800K .......... .......... .......... .......... .......... 79%  122K 22s
 15850K .......... .......... .......... .......... .......... 79%  244K 22s
 15900K .......... .......... .......... .......... .......... 79%  122K 22s
 15950K .......... .......... .......... .......... .......... 79% 98,9M 21s
 16000K .......... .......... .......... .......... .......... 80%  122K 21s
 16050K .......... .......... .......... .......... .......... 80%  243K 21s
 16100K .......... .......... .......... .......... .......... 80%  244K 20s
 16150K .......... .......... .......... .......... .......... 80%  243K 20s
 16200K .......... .......... .......... .......... .......... 81%  245K 20s
 16250K .......... .......... .......... .......... .......... 81%  122K 20s
 16300K .......... .......... .......... .......... .......... 81%  246K 19s
 16350K .......... .......... .......... .......... .......... 81%  122K 19s
 16400K .......... .......... .......... .......... .......... 82%  103M 19s
 16450K .......... .......... .......... .......... .......... 82%  120K 19s
 16500K .......... .......... .......... .......... .......... 82%  252K 18s
 16550K .......... .......... .......... .......... .......... 82%  255K 18s
 16600K .......... .......... .......... .......... .......... 83%  234K 18s
 16650K .......... .......... .......... .......... .......... 83%  244K 18s
 16700K .......... .......... .......... .......... .......... 83% 81,3K 17s
 16750K .......... .......... .......... .......... .......... 83%  114M 17s
 16800K .......... .......... .......... .......... .......... 84%  246K 17s
 16850K .......... .......... .......... .......... .......... 84%  122K 17s
 16900K .......... .......... .......... .......... .......... 84%  244K 16s
 16950K .......... .......... .......... .......... .......... 84%  244K 16s
 17000K .......... .......... .......... .......... .......... 85%  242K 16s
 17050K .......... .......... .......... .......... .......... 85%  128K 15s
 17100K .......... .......... .......... .......... .......... 85%  267K 15s
 17150K .......... .......... .......... .......... .......... 85%  208K 15s
 17200K .......... .......... .......... .......... .......... 86%  123K 15s
 17250K .......... .......... .......... .......... .......... 86%  268K 14s
 17300K .......... .......... .......... .......... .......... 86%  222K 14s
 17350K .......... .......... .......... .......... .......... 86%  123K 14s
 17400K .......... .......... .......... .......... .......... 87%  241K 14s
 17450K .......... .......... .......... .......... .......... 87%  247K 13s
 17500K .......... .......... .......... .......... .......... 87%  242K 13s
 17550K .......... .......... .......... .......... .......... 87%  217K 13s
 17600K .......... .......... .......... .......... .......... 88%  130K 13s
 17650K .......... .......... .......... .......... .......... 88%  243K 12s
 17700K .......... .......... .......... .......... .......... 88%  247K 12s
 17750K .......... .......... .......... .......... .......... 88%  243K 12s
 17800K .......... .......... .......... .......... .......... 89%  122K 12s
 17850K .......... .......... .......... .......... .......... 89%  242K 11s
 17900K .......... .......... .......... .......... .......... 89%  246K 11s
 17950K .......... .......... .......... .......... .......... 89%  244K 11s
 18000K .......... .......... .......... .......... .......... 90%  244K 10s
 18050K .......... .......... .......... .......... .......... 90%  243K 10s
 18100K .......... .......... .......... .......... .......... 90%  244K 10s
 18150K .......... .......... .......... .......... .......... 90%  122K 10s
 18200K .......... .......... .......... .......... .......... 91%  245K 9s
 18250K .......... .......... .......... .......... .......... 91%  266K 9s
 18300K .......... .......... .......... .......... .......... 91%  118K 9s
 18350K .......... .......... .......... .......... .......... 91%  244K 9s
 18400K .......... .......... .......... .......... .......... 91%  243K 8s
 18450K .......... .......... .......... .......... .......... 92%  245K 8s
 18500K .......... .......... .......... .......... .......... 92%  122K 8s
 18550K .......... .......... .......... .......... .......... 92%  245K 8s
 18600K .......... .......... .......... .......... .......... 92%  242K 7s
 18650K .......... .......... .......... .......... .......... 93%  246K 7s
 18700K .......... .......... .......... .......... .......... 93%  122K 7s
 18750K .......... .......... .......... .......... .......... 93%  245K 7s
 18800K .......... .......... .......... .......... .......... 93%  205K 6s
 18850K .......... .......... .......... .......... .......... 94%  135K 6s
 18900K .......... .......... .......... .......... .......... 94%  164K 6s
 18950K .......... .......... .......... .......... .......... 94%  244K 6s
 19000K .......... .......... .......... .......... .......... 94%  122K 5s
 19050K .......... .......... .......... .......... .......... 95%  244K 5s
 19100K .......... .......... .......... .......... .......... 95%  244K 5s
 19150K .......... .......... .......... .......... .......... 95%  245K 4s
 19200K .......... .......... .......... .......... .......... 95%  122K 4s
 19250K .......... .......... .......... .......... .......... 96%  246K 4s
 19300K .......... .......... .......... .......... .......... 96%  245K 4s
 19350K .......... .......... .......... .......... .......... 96%  268K 3s
 19400K .......... .......... .......... .......... .......... 96%  223K 3s
 19450K .......... .......... .......... .......... .......... 97%  122K 3s
 19500K .......... .......... .......... .......... .......... 97%  165M 3s
 19550K .......... .......... .......... .......... .......... 97%  122K 2s
 19600K .......... .......... .......... .......... .......... 97%  246K 2s
 19650K .......... .......... .......... .......... .......... 98%  122K 2s
 19700K .......... .......... .......... .......... .......... 98%  244K 2s
 19750K .......... .......... .......... .......... .......... 98%  268K 1s
 19800K .......... .......... .......... .......... .......... 98%  224K 1s
 19850K .......... .......... .......... .......... .......... 99%  243K 1s
 19900K .......... .......... .......... .......... .......... 99%  123K 1s
 19950K .......... .......... .......... .......... .......... 99%  243K 0s
 20000K .......... .......... .......... .......... .......... 99%  246K 0s
 20050K ....                                                  100% 88,7M=1m45s

2023-05-17 17:45:31 (192 KB/s) - ‘/home/truongphi/Desktop/meta/QIIME/FMT/work/7c/092442a0229571d0ae3060f651a62e/Importing_data/fmt-tutorial-demux-1-10p.qza’ saved [20536136/20536136]

fmt-tutorial-demux-2-10p.qza
--2023-05-17 17:45:31--  https://data.qiime2.org/2023.2/tutorials/fmt/fmt-tutorial-demux-2-10p.qza
Resolving data.qiime2.org (data.qiime2.org)... 54.200.1.12
Connecting to data.qiime2.org (data.qiime2.org)|54.200.1.12|:443... connected.
HTTP request sent, awaiting response... 302 FOUND
Location: https://s3-us-west-2.amazonaws.com/qiime2-data/2023.2/tutorials/fmt/fmt-tutorial-demux-2-10p.qza [following]
--2023-05-17 17:45:33--  https://s3-us-west-2.amazonaws.com/qiime2-data/2023.2/tutorials/fmt/fmt-tutorial-demux-2-10p.qza
Resolving s3-us-west-2.amazonaws.com (s3-us-west-2.amazonaws.com)... 52.92.153.104, 52.92.129.136, 52.218.252.136, ...
Connecting to s3-us-west-2.amazonaws.com (s3-us-west-2.amazonaws.com)|52.92.153.104|:443... connected.
HTTP request sent, awaiting response... 200 OK
Length: 8633726 (8,2M) [binary/octet-stream]
Saving to: ‘/home/truongphi/Desktop/meta/QIIME/FMT/work/7c/092442a0229571d0ae3060f651a62e/Importing_data/fmt-tutorial-demux-2-10p.qza’

     0K .......... .......... .......... .......... ..........  0% 86,8K 97s
    50K .......... .......... .......... .......... ..........  1%  162K 74s
   100K .......... .......... .......... .......... ..........  1%  122K 71s
   150K .......... .......... .......... .......... ..........  2%  163K 66s
   200K .......... .......... .......... .......... ..........  2%  119M 52s
   250K .......... .......... .......... .......... ..........  3% 98,2K 57s
   300K .......... .......... .......... .......... ..........  4%  163K 56s
   350K .......... .......... .......... .......... ..........  4%  164K 55s
   400K .......... .......... .......... .......... ..........  5%  122K 56s
   450K .......... .......... .......... .......... ..........  5%  162K 55s
   500K .......... .......... .......... .......... ..........  6%  163K 54s
   550K .......... .......... .......... .......... ..........  7% 97,8K 56s
   600K .......... .......... .......... .......... ..........  7%  164K 55s
   650K .......... .......... .......... .......... ..........  8%  244K 53s
   700K .......... .......... .......... .......... ..........  8%  163K 52s
   750K .......... .......... .......... .......... ..........  9%  243K 50s
   800K .......... .......... .......... .......... .......... 10% 81,6K 53s
   850K .......... .......... .......... .......... .......... 10%  163K 52s
   900K .......... .......... .......... .......... .......... 11% 81,4K 54s
   950K .......... .......... .......... .......... .......... 11%  122M 51s
  1000K .......... .......... .......... .......... .......... 12%  163K 50s
  1050K .......... .......... .......... .......... .......... 13% 97,4K 51s
  1100K .......... .......... .......... .......... .......... 13%  164K 50s
  1150K .......... .......... .......... .......... .......... 14%  162K 50s
  1200K .......... .......... .......... .......... .......... 14%  163K 49s
  1250K .......... .......... .......... .......... .......... 15%  163K 49s
  1300K .......... .......... .......... .......... .......... 16% 81,5K 50s
  1350K .......... .......... .......... .......... .......... 16%  163K 49s
  1400K .......... .......... .......... .......... .......... 17%  163K 49s
  1450K .......... .......... .......... .......... .......... 17% 98,8K 49s
  1500K .......... .......... .......... .......... .......... 18%  237K 48s
  1550K .......... .......... .......... .......... .......... 18% 81,6K 49s
  1600K .......... .......... .......... .......... .......... 19%  244K 48s
  1650K .......... .......... .......... .......... .......... 20% 97,6K 48s
  1700K .......... .......... .......... .......... .......... 20%  163K 48s
  1750K .......... .......... .......... .......... .......... 21%  163K 47s
  1800K .......... .......... .......... .......... .......... 21%  163K 46s
  1850K .......... .......... .......... .......... .......... 22%  163K 46s
  1900K .......... .......... .......... .......... .......... 23% 98,9K 46s
  1950K .......... .......... .......... .......... .......... 23%  250K 45s
  2000K .......... .......... .......... .......... .......... 24%  232K 44s
  2050K .......... .......... .......... .......... .......... 24% 54,4K 46s
  2100K .......... .......... .......... .......... .......... 25%  163K 45s
  2150K .......... .......... .......... .......... .......... 26% 81,5K 46s
  2200K .......... .......... .......... .......... .......... 26%  163K 45s
  2250K .......... .......... .......... .......... .......... 27% 81,3K 45s
  2300K .......... .......... .......... .......... .......... 27%  164K 45s
  2350K .......... .......... .......... .......... .......... 28% 81,5K 45s
  2400K .......... .......... .......... .......... .......... 29%  244K 44s
  2450K .......... .......... .......... .......... .......... 29%  122K 44s
  2500K .......... .......... .......... .......... .......... 30%  163K 44s
  2550K .......... .......... .......... .......... .......... 30% 81,5K 44s
  2600K .......... .......... .......... .......... .......... 31% 81,5K 44s
  2650K .......... .......... .......... .......... .......... 32% 97,3K 44s
  2700K .......... .......... .......... .......... .......... 32%  163K 43s
  2750K .......... .......... .......... .......... .......... 33% 80,9K 43s
  2800K .......... .......... .......... .......... .......... 33%  164K 43s
  2850K .......... .......... .......... .......... .......... 34%  162K 42s
  2900K .......... .......... .......... .......... .......... 34%  163K 42s
  2950K .......... .......... .......... .......... .......... 35% 81,5K 42s
  3000K .......... .......... .......... .......... .......... 36%  164K 41s
  3050K .......... .......... .......... .......... .......... 36%  163K 41s
  3100K .......... .......... .......... .......... .......... 37%  162K 40s
  3150K .......... .......... .......... .......... .......... 37% 96,8K 40s
  3200K .......... .......... .......... .......... .......... 38%  166K 40s
  3250K .......... .......... .......... .......... .......... 39%  163K 39s
  3300K .......... .......... .......... .......... .......... 39%  162K 39s
  3350K .......... .......... .......... .......... .......... 40% 81,7K 39s
  3400K .......... .......... .......... .......... .......... 40%  163K 38s
  3450K .......... .......... .......... .......... .......... 41%  162K 38s
  3500K .......... .......... .......... .......... .......... 42%  163K 37s
  3550K .......... .......... .......... .......... .......... 42%  162K 37s
  3600K .......... .......... .......... .......... .......... 43%  163K 36s
  3650K .......... .......... .......... .......... .......... 43% 98,0K 36s
  3700K .......... .......... .......... .......... .......... 44%  163K 35s
  3750K .......... .......... .......... .......... .......... 45%  242K 35s
  3800K .......... .......... .......... .......... .......... 45% 98,0K 35s
  3850K .......... .......... .......... .......... .......... 46%  162K 34s
  3900K .......... .......... .......... .......... .......... 46%  164K 34s
  3950K .......... .......... .......... .......... .......... 47%  163K 33s
  4000K .......... .......... .......... .......... .......... 48% 81,2K 33s
  4050K .......... .......... .......... .......... .......... 48%  163K 33s
  4100K .......... .......... .......... .......... .......... 49%  163K 32s
  4150K .......... .......... .......... .......... .......... 49%  163K 32s
  4200K .......... .......... .......... .......... .......... 50%  163K 31s
  4250K .......... .......... .......... .......... .......... 50% 97,8K 31s
  4300K .......... .......... .......... .......... .......... 51% 95,6M 30s
  4350K .......... .......... .......... .......... .......... 52% 81,6K 30s
  4400K .......... .......... .......... .......... .......... 52%  163K 30s
  4450K .......... .......... .......... .......... .......... 53%  162K 29s
  4500K .......... .......... .......... .......... .......... 53%  164K 29s
  4550K .......... .......... .......... .......... .......... 54% 81,3K 29s
  4600K .......... .......... .......... .......... .......... 55% 99,0K 29s
  4650K .......... .......... .......... .......... .......... 55% 34,5M 28s
  4700K .......... .......... .......... .......... .......... 56%  121K 27s
  4750K .......... .......... .......... .......... .......... 56%  163K 27s
  4800K .......... .......... .......... .......... .......... 57%  163K 27s
  4850K .......... .......... .......... .......... .......... 58%  163K 26s
  4900K .......... .......... .......... .......... .......... 58%  163K 26s
  4950K .......... .......... .......... .......... .......... 59% 81,7K 26s
  5000K .......... .......... .......... .......... .......... 59%  244K 25s
  5050K .......... .......... .......... .......... .......... 60%  250K 25s
  5100K .......... .......... .......... .......... .......... 61%  121K 24s
  5150K .......... .......... .......... .......... .......... 61%  139M 24s
  5200K .......... .......... .......... .......... .......... 62% 81,4K 23s
  5250K .......... .......... .......... .......... .......... 62%  123K 23s
  5300K .......... .......... .......... .......... .......... 63%  133M 23s
  5350K .......... .......... .......... .......... .......... 64%  122K 22s
  5400K .......... .......... .......... .......... .......... 64%  163K 22s
  5450K .......... .......... .......... .......... .......... 65%  164K 21s
  5500K .......... .......... .......... .......... .......... 65% 81,0K 21s
  5550K .......... .......... .......... .......... .......... 66%  163K 21s
  5600K .......... .......... .......... .......... .......... 67%  247K 20s
  5650K .......... .......... .......... .......... .......... 67% 97,6K 20s
  5700K .......... .......... .......... .......... .......... 68%  163K 20s
  5750K .......... .......... .......... .......... .......... 68%  163K 19s
  5800K .......... .......... .......... .......... .......... 69%  251K 19s
  5850K .......... .......... .......... .......... .......... 69% 96,2K 19s
  5900K .......... .......... .......... .......... .......... 70%  249K 18s
  5950K .......... .......... .......... .......... .......... 71%  240K 18s
  6000K .......... .......... .......... .......... .......... 71%  162K 17s
  6050K .......... .......... .......... .......... .......... 72%  164K 17s
  6100K .......... .......... .......... .......... .......... 72% 81,6K 17s
  6150K .......... .......... .......... .......... .......... 73%  163K 16s
  6200K .......... .......... .......... .......... .......... 74%  162K 16s
  6250K .......... .......... .......... .......... .......... 74%  163K 15s
  6300K .......... .......... .......... .......... .......... 75% 81,6K 15s
  6350K .......... .......... .......... .......... .......... 75% 98,9K 15s
  6400K .......... .......... .......... .......... .......... 76%  252K 14s
  6450K .......... .......... .......... .......... .......... 77%  252K 14s
  6500K .......... .......... .......... .......... .......... 77%  220K 14s
  6550K .......... .......... .......... .......... .......... 78%  165K 13s
  6600K .......... .......... .......... .......... .......... 78% 81,4K 13s
  6650K .......... .......... .......... .......... .......... 79%  252K 13s
  6700K .......... .......... .......... .......... .......... 80%  246K 12s
  6750K .......... .......... .......... .......... .......... 80% 60,6K 12s
  6800K .......... .......... .......... .......... .......... 81% 61,1K 12s
  6850K .......... .......... .......... .......... .......... 81%  163K 11s
  6900K .......... .......... .......... .......... .......... 82% 40,7K 11s
  6950K .......... .......... .......... .......... .......... 83% 81,2K 11s
  7000K .......... .......... .......... .......... .......... 83% 81,6K 10s
  7050K .......... .......... .......... .......... .......... 84% 61,1K 10s
  7100K .......... .......... .......... .......... .......... 84% 32,6K 10s
  7150K .......... .......... .......... .......... .......... 85% 62,9K 10s
  7200K .......... .......... .......... .......... .......... 85% 78,3K 9s
  7250K .......... .......... .......... .......... .......... 86% 70,2K 9s
  7300K .......... .......... .......... .......... .......... 87%  120K 9s
  7350K .......... .......... .......... .......... .......... 87%  125K 8s
  7400K .......... .......... .......... .......... .......... 88%  126K 8s
  7450K .......... .......... .......... .......... .......... 88%  245K 7s
  7500K .......... .......... .......... .......... .......... 89%  124K 7s
  7550K .......... .......... .......... .......... .......... 90%  251K 7s
  7600K .......... .......... .......... .......... .......... 90%  163K 6s
  7650K .......... .......... .......... .......... .......... 91%  250K 6s
  7700K .......... .......... .......... .......... .......... 91%  537K 5s
  7750K .......... .......... .......... .......... .......... 92%  247K 5s
  7800K .......... .......... .......... .......... .......... 93%  252K 4s
  7850K .......... .......... .......... .......... .......... 93%  271K 4s
  7900K .......... .......... .......... .......... .......... 94%  421K 4s
  7950K .......... .......... .......... .......... .......... 94%  517K 3s
  8000K .......... .......... .......... .......... .......... 95%  275K 3s
  8050K .......... .......... .......... .......... .......... 96% 2,73M 3s
  8100K .......... .......... .......... .......... .......... 96%  253K 2s
  8150K .......... .......... .......... .......... .......... 97% 25,2M 2s
  8200K .......... .......... .......... .......... .......... 97%  109K 1s
  8250K .......... .......... .......... .......... .......... 98%  349K 1s
  8300K .......... .......... .......... .......... .......... 99%  893K 1s
  8350K .......... .......... .......... .......... .......... 99%  388K 0s
  8400K .......... .......... .......... .                    100% 2,01M=62s

2023-05-17 17:46:36 (135 KB/s) - ‘/home/truongphi/Desktop/meta/QIIME/FMT/work/7c/092442a0229571d0ae3060f651a62e/Importing_data/fmt-tutorial-demux-2-10p.qza’ saved [8633726/8633726]

